<?xml version="1.0" encoding="UTF-8"?>
<coverage generated="1575870004301" clover="3.2.0">
  <project timestamp="1575870004301" name="All files">
    <metrics statements="21" coveredstatements="13" conditionals="4" coveredconditionals="3" methods="6" coveredmethods="5" elements="31" coveredelements="21" complexity="0" loc="21" ncloc="21" packages="1" files="1" classes="1"/>
    <file name="linked-list.js" path="/Users/blorb/alchemy/c-track/data-structures-and-algorithms/challenges/linkedList/linked-list.js">
      <metrics statements="21" coveredstatements="13" conditionals="4" coveredconditionals="3" methods="6" coveredmethods="5"/>
      <line num="3" count="8" type="stmt"/>
      <line num="12" count="3" type="stmt"/>
      <line num="17" count="3" type="stmt"/>
      <line num="18" count="3" type="stmt"/>
      <line num="22" count="2" type="stmt"/>
      <line num="23" count="4" type="stmt"/>
      <line num="24" count="3" type="cond" truecount="2" falsecount="0"/>
      <line num="25" count="2" type="stmt"/>
      <line num="28" count="2" type="cond" truecount="1" falsecount="1"/>
      <line num="29" count="2" type="stmt"/>
      <line num="30" count="1" type="stmt"/>
      <line num="31" count="1" type="stmt"/>
      <line num="33" count="0" type="stmt"/>
      <line num="34" count="0" type="stmt"/>
      <line num="38" count="0" type="stmt"/>
      <line num="39" count="0" type="stmt"/>
      <line num="40" count="0" type="stmt"/>
      <line num="41" count="0" type="stmt"/>
      <line num="42" count="0" type="stmt"/>
      <line num="44" count="0" type="stmt"/>
      <line num="48" count="1" type="stmt"/>
    </file>
  </project>
</coverage>
