{"/Users/blorb/alchemy/c-track/data-structures-and-algorithms/challenges/linkedList/linked-list.js": {"path":"/Users/blorb/alchemy/c-track/data-structures-and-algorithms/challenges/linkedList/linked-list.js","statementMap":{"0":{"start":{"line":3,"column":8},"end":{"line":4,"column":24}},"1":{"start":{"line":12,"column":8},"end":{"line":13,"column":21}},"2":{"start":{"line":17,"column":12},"end":{"line":17,"column":45}},"3":{"start":{"line":18,"column":12},"end":{"line":18,"column":23}},"4":{"start":{"line":22,"column":24},"end":{"line":26,"column":9}},"5":{"start":{"line":23,"column":12},"end":{"line":23,"column":36}},"6":{"start":{"line":24,"column":12},"end":{"line":24,"column":51}},"7":{"start":{"line":24,"column":38},"end":{"line":24,"column":49}},"8":{"start":{"line":25,"column":12},"end":{"line":25,"column":31}},"9":{"start":{"line":28,"column":8},"end":{"line":35,"column":13}},"10":{"start":{"line":29,"column":25},"end":{"line":29,"column":43}},"11":{"start":{"line":30,"column":12},"end":{"line":30,"column":32}},"12":{"start":{"line":31,"column":12},"end":{"line":31,"column":26}},"13":{"start":{"line":33,"column":16},"end":{"line":33,"column":53}},"14":{"start":{"line":34,"column":16},"end":{"line":34,"column":30}},"15":{"start":{"line":38,"column":20},"end":{"line":38,"column":22}},"16":{"start":{"line":39,"column":19},"end":{"line":39,"column":23}},"17":{"start":{"line":40,"column":12},"end":{"line":43,"column":9}},"18":{"start":{"line":41,"column":12},"end":{"line":41,"column":51}},"19":{"start":{"line":42,"column":12},"end":{"line":42,"column":28}},"20":{"start":{"line":44,"column":8},"end":{"line":44,"column":37}},"21":{"start":{"line":48,"column":0},"end":{"line":48,"column":38}}},"fnMap":{"0":{"name":"(anonymous_0)","decl":{"start":{"line":2,"column":4},"end":{"line":2,"column":5}},"loc":{"start":{"line":2,"column":22},"end":{"line":5,"column":5}},"line":2},"1":{"name":"(anonymous_1)","decl":{"start":{"line":11,"column":4},"end":{"line":11,"column":5}},"loc":{"start":{"line":11,"column":21},"end":{"line":14,"column":5}},"line":11},"2":{"name":"(anonymous_2)","decl":{"start":{"line":16,"column":4},"end":{"line":16,"column":5}},"loc":{"start":{"line":16,"column":17},"end":{"line":19,"column":9}},"line":16},"3":{"name":"(anonymous_3)","decl":{"start":{"line":20,"column":4},"end":{"line":20,"column":5}},"loc":{"start":{"line":20,"column":20},"end":{"line":36,"column":9}},"line":20},"4":{"name":"(anonymous_4)","decl":{"start":{"line":22,"column":24},"end":{"line":22,"column":25}},"loc":{"start":{"line":22,"column":34},"end":{"line":26,"column":9}},"line":22},"5":{"name":"(anonymous_5)","decl":{"start":{"line":37,"column":4},"end":{"line":37,"column":5}},"loc":{"start":{"line":37,"column":15},"end":{"line":45,"column":5}},"line":37}},"branchMap":{"0":{"loc":{"start":{"line":24,"column":12},"end":{"line":24,"column":51}},"type":"if","locations":[{"start":{"line":24,"column":12},"end":{"line":24,"column":51}},{"start":{"line":24,"column":12},"end":{"line":24,"column":51}}],"line":24},"1":{"loc":{"start":{"line":28,"column":8},"end":{"line":35,"column":13}},"type":"if","locations":[{"start":{"line":28,"column":8},"end":{"line":35,"column":13}},{"start":{"line":28,"column":8},"end":{"line":35,"column":13}}],"line":28}},"s":{"0":8,"1":3,"2":3,"3":3,"4":2,"5":4,"6":3,"7":1,"8":2,"9":2,"10":2,"11":1,"12":1,"13":0,"14":0,"15":0,"16":0,"17":0,"18":0,"19":0,"20":0,"21":1},"f":{"0":8,"1":3,"2":3,"3":2,"4":4,"5":0},"b":{"0":[1,2],"1":[2,0]},"_coverageSchema":"43e27e138ebf9cfc5966b082cf9a028302ed4184","hash":"e6f176f851ba4c2c271e489d9caf1ece7bd79cbf"}
}
