{"/Users/blorb/alchemy/c-track/data-structures-and-algorithms/challenges/linkedList/linked-list.js": {"path":"/Users/blorb/alchemy/c-track/data-structures-and-algorithms/challenges/linkedList/linked-list.js","statementMap":{"0":{"start":{"line":3,"column":8},"end":{"line":4,"column":24}},"1":{"start":{"line":12,"column":8},"end":{"line":13,"column":21}},"2":{"start":{"line":17,"column":23},"end":{"line":17,"column":32}},"3":{"start":{"line":18,"column":12},"end":{"line":18,"column":40}},"4":{"start":{"line":19,"column":12},"end":{"line":19,"column":34}},"5":{"start":{"line":20,"column":12},"end":{"line":20,"column":23}},"6":{"start":{"line":24,"column":24},"end":{"line":29,"column":9}},"7":{"start":{"line":25,"column":12},"end":{"line":27,"column":31}},"8":{"start":{"line":25,"column":28},"end":{"line":25,"column":42}},"9":{"start":{"line":26,"column":17},"end":{"line":27,"column":31}},"10":{"start":{"line":27,"column":16},"end":{"line":27,"column":29}},"11":{"start":{"line":28,"column":12},"end":{"line":28,"column":38}},"12":{"start":{"line":31,"column":27},"end":{"line":31,"column":52}},"13":{"start":{"line":32,"column":12},"end":{"line":32,"column":26}},"14":{"start":{"line":36,"column":20},"end":{"line":36,"column":22}},"15":{"start":{"line":37,"column":19},"end":{"line":37,"column":28}},"16":{"start":{"line":38,"column":12},"end":{"line":41,"column":9}},"17":{"start":{"line":39,"column":12},"end":{"line":39,"column":42}},"18":{"start":{"line":40,"column":12},"end":{"line":40,"column":28}},"19":{"start":{"line":42,"column":8},"end":{"line":42,"column":27}},"20":{"start":{"line":43,"column":21},"end":{"line":45,"column":14}},"21":{"start":{"line":44,"column":12},"end":{"line":44,"column":36}},"22":{"start":{"line":46,"column":8},"end":{"line":46,"column":22}},"23":{"start":{"line":50,"column":0},"end":{"line":50,"column":38}}},"fnMap":{"0":{"name":"(anonymous_0)","decl":{"start":{"line":2,"column":4},"end":{"line":2,"column":5}},"loc":{"start":{"line":2,"column":22},"end":{"line":5,"column":5}},"line":2},"1":{"name":"(anonymous_1)","decl":{"start":{"line":11,"column":4},"end":{"line":11,"column":5}},"loc":{"start":{"line":11,"column":21},"end":{"line":14,"column":5}},"line":11},"2":{"name":"(anonymous_2)","decl":{"start":{"line":16,"column":4},"end":{"line":16,"column":5}},"loc":{"start":{"line":16,"column":17},"end":{"line":21,"column":9}},"line":16},"3":{"name":"(anonymous_3)","decl":{"start":{"line":22,"column":4},"end":{"line":22,"column":5}},"loc":{"start":{"line":22,"column":20},"end":{"line":33,"column":13}},"line":22},"4":{"name":"(anonymous_4)","decl":{"start":{"line":24,"column":24},"end":{"line":24,"column":25}},"loc":{"start":{"line":24,"column":41},"end":{"line":29,"column":9}},"line":24},"5":{"name":"(anonymous_5)","decl":{"start":{"line":35,"column":4},"end":{"line":35,"column":5}},"loc":{"start":{"line":35,"column":15},"end":{"line":47,"column":5}},"line":35},"6":{"name":"(anonymous_6)","decl":{"start":{"line":43,"column":34},"end":{"line":43,"column":35}},"loc":{"start":{"line":43,"column":50},"end":{"line":45,"column":9}},"line":43}},"branchMap":{"0":{"loc":{"start":{"line":25,"column":12},"end":{"line":27,"column":31}},"type":"if","locations":[{"start":{"line":25,"column":12},"end":{"line":27,"column":31}},{"start":{"line":25,"column":12},"end":{"line":27,"column":31}}],"line":25},"1":{"loc":{"start":{"line":26,"column":17},"end":{"line":27,"column":31}},"type":"if","locations":[{"start":{"line":26,"column":17},"end":{"line":27,"column":31}},{"start":{"line":26,"column":17},"end":{"line":27,"column":31}}],"line":26}},"s":{"0":13,"1":4,"2":7,"3":7,"4":7,"5":7,"6":1,"7":1,"8":0,"9":1,"10":1,"11":0,"12":1,"13":1,"14":1,"15":1,"16":1,"17":3,"18":3,"19":1,"20":1,"21":4,"22":1,"23":1},"f":{"0":13,"1":4,"2":7,"3":1,"4":1,"5":1,"6":4},"b":{"0":[0,1],"1":[1,0]},"_coverageSchema":"43e27e138ebf9cfc5966b082cf9a028302ed4184","hash":"6cc4ed3f44300a59d13d3c419762fe2d6c279fdf"}
}
