TN:
SF:/Users/blorb/alchemy/c-track/data-structures-and-algorithms/challenges/linkedList/linked-list.js
FN:2,(anonymous_0)
FN:11,(anonymous_1)
FN:16,(anonymous_2)
FN:20,(anonymous_3)
FN:22,(anonymous_4)
FN:37,(anonymous_5)
FNF:6
FNH:5
FNDA:8,(anonymous_0)
FNDA:3,(anonymous_1)
FNDA:3,(anonymous_2)
FNDA:2,(anonymous_3)
FNDA:4,(anonymous_4)
FNDA:0,(anonymous_5)
DA:3,8
DA:12,3
DA:17,3
DA:18,3
DA:22,2
DA:23,4
DA:24,3
DA:25,2
DA:28,2
DA:29,2
DA:30,1
DA:31,1
DA:33,0
DA:34,0
DA:38,0
DA:39,0
DA:40,0
DA:41,0
DA:42,0
DA:44,0
DA:48,1
LF:21
LH:13
BRDA:24,0,0,1
BRDA:24,0,1,2
BRDA:28,1,0,2
BRDA:28,1,1,0
BRF:4
BRH:3
end_of_record
