TN:
SF:/Users/blorb/alchemy/c-track/data-structures-and-algorithms/challenges/linkedList/linked-list.js
FN:2,(anonymous_0)
FN:11,(anonymous_1)
FN:16,(anonymous_2)
FN:22,(anonymous_3)
FN:24,(anonymous_4)
FN:34,(anonymous_5)
FN:35,(anonymous_6)
FN:46,(anonymous_7)
FN:47,(anonymous_8)
FN:60,(anonymous_9)
FN:61,(anonymous_10)
FN:74,(anonymous_11)
FN:82,(anonymous_12)
FNF:13
FNH:11
FNDA:23,(anonymous_0)
FNDA:6,(anonymous_1)
FNDA:12,(anonymous_2)
FNDA:1,(anonymous_3)
FNDA:1,(anonymous_4)
FNDA:0,(anonymous_5)
FNDA:0,(anonymous_6)
FNDA:1,(anonymous_7)
FNDA:1,(anonymous_8)
FNDA:2,(anonymous_9)
FNDA:9,(anonymous_10)
FNDA:4,(anonymous_11)
FNDA:16,(anonymous_12)
DA:3,23
DA:12,6
DA:17,12
DA:18,12
DA:19,12
DA:20,12
DA:24,1
DA:25,1
DA:26,1
DA:27,1
DA:28,0
DA:31,1
DA:32,1
DA:35,0
DA:36,0
DA:37,0
DA:38,0
DA:39,0
DA:40,0
DA:42,0
DA:44,0
DA:47,1
DA:48,1
DA:49,1
DA:50,1
DA:51,1
DA:52,1
DA:53,1
DA:54,1
DA:56,0
DA:58,1
DA:61,2
DA:62,9
DA:63,7
DA:64,2
DA:65,2
DA:66,2
DA:67,2
DA:68,2
DA:70,7
DA:72,2
DA:75,4
DA:76,4
DA:77,4
DA:78,12
DA:79,12
DA:81,4
DA:82,4
DA:83,16
DA:85,4
DA:89,1
LF:51
LH:41
BRDA:25,0,0,0
BRDA:25,0,1,1
BRDA:26,1,0,1
BRDA:26,1,1,0
BRDA:36,2,0,0
BRDA:36,2,1,0
BRDA:48,3,0,0
BRDA:48,3,1,1
BRDA:49,4,0,1
BRDA:49,4,1,0
BRDA:62,5,0,2
BRDA:62,5,1,7
BRDA:63,6,0,2
BRDA:63,6,1,5
BRF:14
BRH:8
end_of_record
